<?xml version="1.0" encoding="UTF-8"?>
<testng-results ignored="0" total="1" passed="1" failed="0" skipped="0">
  <reporter-output>
  </reporter-output>
  <suite started-at="2026-04-23T15:41:01 IST" name="Default suite" finished-at="2026-04-23T15:41:36 IST" duration-ms="35409">
    <groups>
    </groups>
    <test started-at="2026-04-23T15:41:01 IST" name="Default test" finished-at="2026-04-23T15:41:36 IST" duration-ms="35409">
      <class name="testscript.TicketBooking">
        <test-method is-config="true" signature="browserInitialisation()[pri:0, instance:testscript.TicketBooking@42a48628]" started-at="2026-04-23T15:41:01 IST" name="browserInitialisation" finished-at="2026-04-23T15:41:11 IST" duration-ms="10042" status="PASS">
          <reporter-output>
          </reporter-output>
        </test-method> <!-- browserInitialisation -->
        <test-method signature="chatgptTicketBooking()[pri:0, instance:testscript.TicketBooking@42a48628]" started-at="2026-04-23T15:41:11 IST" name="chatgptTicketBooking" finished-at="2026-04-23T15:41:36 IST" duration-ms="25301" status="PASS">
          <reporter-output>
          </reporter-output>
        </test-method> <!-- chatgptTicketBooking -->
      </class> <!-- testscript.TicketBooking -->
    </test> <!-- Default test -->
  </suite> <!-- Default suite -->
</testng-results>
